# ******************************************************
# PLUTO 4.3 Grid File
# Generated on  Wed Jul 27 10:58:31 2022
# 
# DIMENSIONS: 2
# GEOMETRY:   CARTESIAN
# X1: [-2.000000,  2.000000], 200 point(s), 3 ghosts
# X2: [-2.000000,  2.000000], 200 point(s), 3 ghosts
# ******************************************************
200 
 1   -2.000000000000e+00    -1.980000000000e+00
 2   -1.980000000000e+00    -1.960000000000e+00
 3   -1.960000000000e+00    -1.940000000000e+00
 4   -1.940000000000e+00    -1.920000000000e+00
 5   -1.920000000000e+00    -1.900000000000e+00
 6   -1.900000000000e+00    -1.880000000000e+00
 7   -1.880000000000e+00    -1.860000000000e+00
 8   -1.860000000000e+00    -1.840000000000e+00
 9   -1.840000000000e+00    -1.820000000000e+00
 10   -1.820000000000e+00    -1.800000000000e+00
 11   -1.800000000000e+00    -1.780000000000e+00
 12   -1.780000000000e+00    -1.760000000000e+00
 13   -1.760000000000e+00    -1.740000000000e+00
 14   -1.740000000000e+00    -1.720000000000e+00
 15   -1.720000000000e+00    -1.700000000000e+00
 16   -1.700000000000e+00    -1.680000000000e+00
 17   -1.680000000000e+00    -1.660000000000e+00
 18   -1.660000000000e+00    -1.640000000000e+00
 19   -1.640000000000e+00    -1.620000000000e+00
 20   -1.620000000000e+00    -1.600000000000e+00
 21   -1.600000000000e+00    -1.580000000000e+00
 22   -1.580000000000e+00    -1.560000000000e+00
 23   -1.560000000000e+00    -1.540000000000e+00
 24   -1.540000000000e+00    -1.520000000000e+00
 25   -1.520000000000e+00    -1.500000000000e+00
 26   -1.500000000000e+00    -1.480000000000e+00
 27   -1.480000000000e+00    -1.460000000000e+00
 28   -1.460000000000e+00    -1.440000000000e+00
 29   -1.440000000000e+00    -1.420000000000e+00
 30   -1.420000000000e+00    -1.400000000000e+00
 31   -1.400000000000e+00    -1.380000000000e+00
 32   -1.380000000000e+00    -1.360000000000e+00
 33   -1.360000000000e+00    -1.340000000000e+00
 34   -1.340000000000e+00    -1.320000000000e+00
 35   -1.320000000000e+00    -1.300000000000e+00
 36   -1.300000000000e+00    -1.280000000000e+00
 37   -1.280000000000e+00    -1.260000000000e+00
 38   -1.260000000000e+00    -1.240000000000e+00
 39   -1.240000000000e+00    -1.220000000000e+00
 40   -1.220000000000e+00    -1.200000000000e+00
 41   -1.200000000000e+00    -1.180000000000e+00
 42   -1.180000000000e+00    -1.160000000000e+00
 43   -1.160000000000e+00    -1.140000000000e+00
 44   -1.140000000000e+00    -1.120000000000e+00
 45   -1.120000000000e+00    -1.100000000000e+00
 46   -1.100000000000e+00    -1.080000000000e+00
 47   -1.080000000000e+00    -1.060000000000e+00
 48   -1.060000000000e+00    -1.040000000000e+00
 49   -1.040000000000e+00    -1.020000000000e+00
 50   -1.020000000000e+00    -1.000000000000e+00
 51   -1.000000000000e+00    -9.800000000000e-01
 52   -9.800000000000e-01    -9.600000000000e-01
 53   -9.600000000000e-01    -9.400000000000e-01
 54   -9.400000000000e-01    -9.200000000000e-01
 55   -9.200000000000e-01    -9.000000000000e-01
 56   -9.000000000000e-01    -8.800000000000e-01
 57   -8.800000000000e-01    -8.600000000000e-01
 58   -8.600000000000e-01    -8.400000000000e-01
 59   -8.400000000000e-01    -8.200000000000e-01
 60   -8.200000000000e-01    -8.000000000000e-01
 61   -8.000000000000e-01    -7.800000000000e-01
 62   -7.800000000000e-01    -7.600000000000e-01
 63   -7.600000000000e-01    -7.400000000000e-01
 64   -7.400000000000e-01    -7.200000000000e-01
 65   -7.200000000000e-01    -7.000000000000e-01
 66   -7.000000000000e-01    -6.800000000000e-01
 67   -6.800000000000e-01    -6.600000000000e-01
 68   -6.600000000000e-01    -6.400000000000e-01
 69   -6.400000000000e-01    -6.200000000000e-01
 70   -6.200000000000e-01    -6.000000000000e-01
 71   -6.000000000000e-01    -5.800000000000e-01
 72   -5.800000000000e-01    -5.600000000000e-01
 73   -5.600000000000e-01    -5.400000000000e-01
 74   -5.400000000000e-01    -5.200000000000e-01
 75   -5.200000000000e-01    -5.000000000000e-01
 76   -5.000000000000e-01    -4.800000000000e-01
 77   -4.800000000000e-01    -4.600000000000e-01
 78   -4.600000000000e-01    -4.400000000000e-01
 79   -4.400000000000e-01    -4.200000000000e-01
 80   -4.200000000000e-01    -4.000000000000e-01
 81   -4.000000000000e-01    -3.800000000000e-01
 82   -3.800000000000e-01    -3.600000000000e-01
 83   -3.600000000000e-01    -3.400000000000e-01
 84   -3.400000000000e-01    -3.200000000000e-01
 85   -3.200000000000e-01    -3.000000000000e-01
 86   -3.000000000000e-01    -2.800000000000e-01
 87   -2.800000000000e-01    -2.600000000000e-01
 88   -2.600000000000e-01    -2.400000000000e-01
 89   -2.400000000000e-01    -2.200000000000e-01
 90   -2.200000000000e-01    -2.000000000000e-01
 91   -2.000000000000e-01    -1.800000000000e-01
 92   -1.800000000000e-01    -1.600000000000e-01
 93   -1.600000000000e-01    -1.400000000000e-01
 94   -1.400000000000e-01    -1.200000000000e-01
 95   -1.200000000000e-01    -1.000000000000e-01
 96   -1.000000000000e-01    -8.000000000000e-02
 97   -8.000000000000e-02    -6.000000000000e-02
 98   -6.000000000000e-02    -4.000000000000e-02
 99   -4.000000000000e-02    -2.000000000000e-02
 100   -2.000000000000e-02    -1.734723475977e-17
 101   0.000000000000e+00    2.000000000000e-02
 102   2.000000000000e-02    4.000000000000e-02
 103   4.000000000000e-02    6.000000000000e-02
 104   6.000000000000e-02    8.000000000000e-02
 105   8.000000000000e-02    1.000000000000e-01
 106   1.000000000000e-01    1.200000000000e-01
 107   1.200000000000e-01    1.400000000000e-01
 108   1.400000000000e-01    1.600000000000e-01
 109   1.600000000000e-01    1.800000000000e-01
 110   1.800000000000e-01    2.000000000000e-01
 111   2.000000000000e-01    2.200000000000e-01
 112   2.200000000000e-01    2.400000000000e-01
 113   2.400000000000e-01    2.600000000000e-01
 114   2.600000000000e-01    2.800000000000e-01
 115   2.800000000000e-01    3.000000000000e-01
 116   3.000000000000e-01    3.200000000000e-01
 117   3.200000000000e-01    3.400000000000e-01
 118   3.400000000000e-01    3.600000000000e-01
 119   3.600000000000e-01    3.800000000000e-01
 120   3.800000000000e-01    4.000000000000e-01
 121   4.000000000000e-01    4.200000000000e-01
 122   4.200000000000e-01    4.400000000000e-01
 123   4.400000000000e-01    4.600000000000e-01
 124   4.600000000000e-01    4.800000000000e-01
 125   4.800000000000e-01    5.000000000000e-01
 126   5.000000000000e-01    5.200000000000e-01
 127   5.200000000000e-01    5.400000000000e-01
 128   5.400000000000e-01    5.600000000000e-01
 129   5.600000000000e-01    5.800000000000e-01
 130   5.800000000000e-01    6.000000000000e-01
 131   6.000000000000e-01    6.200000000000e-01
 132   6.200000000000e-01    6.400000000000e-01
 133   6.400000000000e-01    6.600000000000e-01
 134   6.600000000000e-01    6.800000000000e-01
 135   6.800000000000e-01    7.000000000000e-01
 136   7.000000000000e-01    7.200000000000e-01
 137   7.200000000000e-01    7.400000000000e-01
 138   7.400000000000e-01    7.600000000000e-01
 139   7.600000000000e-01    7.800000000000e-01
 140   7.800000000000e-01    8.000000000000e-01
 141   8.000000000000e-01    8.200000000000e-01
 142   8.200000000000e-01    8.400000000000e-01
 143   8.400000000000e-01    8.600000000000e-01
 144   8.600000000000e-01    8.800000000000e-01
 145   8.800000000000e-01    9.000000000000e-01
 146   9.000000000000e-01    9.200000000000e-01
 147   9.200000000000e-01    9.400000000000e-01
 148   9.400000000000e-01    9.600000000000e-01
 149   9.600000000000e-01    9.800000000000e-01
 150   9.800000000000e-01    1.000000000000e+00
 151   1.000000000000e+00    1.020000000000e+00
 152   1.020000000000e+00    1.040000000000e+00
 153   1.040000000000e+00    1.060000000000e+00
 154   1.060000000000e+00    1.080000000000e+00
 155   1.080000000000e+00    1.100000000000e+00
 156   1.100000000000e+00    1.120000000000e+00
 157   1.120000000000e+00    1.140000000000e+00
 158   1.140000000000e+00    1.160000000000e+00
 159   1.160000000000e+00    1.180000000000e+00
 160   1.180000000000e+00    1.200000000000e+00
 161   1.200000000000e+00    1.220000000000e+00
 162   1.220000000000e+00    1.240000000000e+00
 163   1.240000000000e+00    1.260000000000e+00
 164   1.260000000000e+00    1.280000000000e+00
 165   1.280000000000e+00    1.300000000000e+00
 166   1.300000000000e+00    1.320000000000e+00
 167   1.320000000000e+00    1.340000000000e+00
 168   1.340000000000e+00    1.360000000000e+00
 169   1.360000000000e+00    1.380000000000e+00
 170   1.380000000000e+00    1.400000000000e+00
 171   1.400000000000e+00    1.420000000000e+00
 172   1.420000000000e+00    1.440000000000e+00
 173   1.440000000000e+00    1.460000000000e+00
 174   1.460000000000e+00    1.480000000000e+00
 175   1.480000000000e+00    1.500000000000e+00
 176   1.500000000000e+00    1.520000000000e+00
 177   1.520000000000e+00    1.540000000000e+00
 178   1.540000000000e+00    1.560000000000e+00
 179   1.560000000000e+00    1.580000000000e+00
 180   1.580000000000e+00    1.600000000000e+00
 181   1.600000000000e+00    1.620000000000e+00
 182   1.620000000000e+00    1.640000000000e+00
 183   1.640000000000e+00    1.660000000000e+00
 184   1.660000000000e+00    1.680000000000e+00
 185   1.680000000000e+00    1.700000000000e+00
 186   1.700000000000e+00    1.720000000000e+00
 187   1.720000000000e+00    1.740000000000e+00
 188   1.740000000000e+00    1.760000000000e+00
 189   1.760000000000e+00    1.780000000000e+00
 190   1.780000000000e+00    1.800000000000e+00
 191   1.800000000000e+00    1.820000000000e+00
 192   1.820000000000e+00    1.840000000000e+00
 193   1.840000000000e+00    1.860000000000e+00
 194   1.860000000000e+00    1.880000000000e+00
 195   1.880000000000e+00    1.900000000000e+00
 196   1.900000000000e+00    1.920000000000e+00
 197   1.920000000000e+00    1.940000000000e+00
 198   1.940000000000e+00    1.960000000000e+00
 199   1.960000000000e+00    1.980000000000e+00
 200   1.980000000000e+00    2.000000000000e+00
200 
 1   -2.000000000000e+00    -1.980000000000e+00
 2   -1.980000000000e+00    -1.960000000000e+00
 3   -1.960000000000e+00    -1.940000000000e+00
 4   -1.940000000000e+00    -1.920000000000e+00
 5   -1.920000000000e+00    -1.900000000000e+00
 6   -1.900000000000e+00    -1.880000000000e+00
 7   -1.880000000000e+00    -1.860000000000e+00
 8   -1.860000000000e+00    -1.840000000000e+00
 9   -1.840000000000e+00    -1.820000000000e+00
 10   -1.820000000000e+00    -1.800000000000e+00
 11   -1.800000000000e+00    -1.780000000000e+00
 12   -1.780000000000e+00    -1.760000000000e+00
 13   -1.760000000000e+00    -1.740000000000e+00
 14   -1.740000000000e+00    -1.720000000000e+00
 15   -1.720000000000e+00    -1.700000000000e+00
 16   -1.700000000000e+00    -1.680000000000e+00
 17   -1.680000000000e+00    -1.660000000000e+00
 18   -1.660000000000e+00    -1.640000000000e+00
 19   -1.640000000000e+00    -1.620000000000e+00
 20   -1.620000000000e+00    -1.600000000000e+00
 21   -1.600000000000e+00    -1.580000000000e+00
 22   -1.580000000000e+00    -1.560000000000e+00
 23   -1.560000000000e+00    -1.540000000000e+00
 24   -1.540000000000e+00    -1.520000000000e+00
 25   -1.520000000000e+00    -1.500000000000e+00
 26   -1.500000000000e+00    -1.480000000000e+00
 27   -1.480000000000e+00    -1.460000000000e+00
 28   -1.460000000000e+00    -1.440000000000e+00
 29   -1.440000000000e+00    -1.420000000000e+00
 30   -1.420000000000e+00    -1.400000000000e+00
 31   -1.400000000000e+00    -1.380000000000e+00
 32   -1.380000000000e+00    -1.360000000000e+00
 33   -1.360000000000e+00    -1.340000000000e+00
 34   -1.340000000000e+00    -1.320000000000e+00
 35   -1.320000000000e+00    -1.300000000000e+00
 36   -1.300000000000e+00    -1.280000000000e+00
 37   -1.280000000000e+00    -1.260000000000e+00
 38   -1.260000000000e+00    -1.240000000000e+00
 39   -1.240000000000e+00    -1.220000000000e+00
 40   -1.220000000000e+00    -1.200000000000e+00
 41   -1.200000000000e+00    -1.180000000000e+00
 42   -1.180000000000e+00    -1.160000000000e+00
 43   -1.160000000000e+00    -1.140000000000e+00
 44   -1.140000000000e+00    -1.120000000000e+00
 45   -1.120000000000e+00    -1.100000000000e+00
 46   -1.100000000000e+00    -1.080000000000e+00
 47   -1.080000000000e+00    -1.060000000000e+00
 48   -1.060000000000e+00    -1.040000000000e+00
 49   -1.040000000000e+00    -1.020000000000e+00
 50   -1.020000000000e+00    -1.000000000000e+00
 51   -1.000000000000e+00    -9.800000000000e-01
 52   -9.800000000000e-01    -9.600000000000e-01
 53   -9.600000000000e-01    -9.400000000000e-01
 54   -9.400000000000e-01    -9.200000000000e-01
 55   -9.200000000000e-01    -9.000000000000e-01
 56   -9.000000000000e-01    -8.800000000000e-01
 57   -8.800000000000e-01    -8.600000000000e-01
 58   -8.600000000000e-01    -8.400000000000e-01
 59   -8.400000000000e-01    -8.200000000000e-01
 60   -8.200000000000e-01    -8.000000000000e-01
 61   -8.000000000000e-01    -7.800000000000e-01
 62   -7.800000000000e-01    -7.600000000000e-01
 63   -7.600000000000e-01    -7.400000000000e-01
 64   -7.400000000000e-01    -7.200000000000e-01
 65   -7.200000000000e-01    -7.000000000000e-01
 66   -7.000000000000e-01    -6.800000000000e-01
 67   -6.800000000000e-01    -6.600000000000e-01
 68   -6.600000000000e-01    -6.400000000000e-01
 69   -6.400000000000e-01    -6.200000000000e-01
 70   -6.200000000000e-01    -6.000000000000e-01
 71   -6.000000000000e-01    -5.800000000000e-01
 72   -5.800000000000e-01    -5.600000000000e-01
 73   -5.600000000000e-01    -5.400000000000e-01
 74   -5.400000000000e-01    -5.200000000000e-01
 75   -5.200000000000e-01    -5.000000000000e-01
 76   -5.000000000000e-01    -4.800000000000e-01
 77   -4.800000000000e-01    -4.600000000000e-01
 78   -4.600000000000e-01    -4.400000000000e-01
 79   -4.400000000000e-01    -4.200000000000e-01
 80   -4.200000000000e-01    -4.000000000000e-01
 81   -4.000000000000e-01    -3.800000000000e-01
 82   -3.800000000000e-01    -3.600000000000e-01
 83   -3.600000000000e-01    -3.400000000000e-01
 84   -3.400000000000e-01    -3.200000000000e-01
 85   -3.200000000000e-01    -3.000000000000e-01
 86   -3.000000000000e-01    -2.800000000000e-01
 87   -2.800000000000e-01    -2.600000000000e-01
 88   -2.600000000000e-01    -2.400000000000e-01
 89   -2.400000000000e-01    -2.200000000000e-01
 90   -2.200000000000e-01    -2.000000000000e-01
 91   -2.000000000000e-01    -1.800000000000e-01
 92   -1.800000000000e-01    -1.600000000000e-01
 93   -1.600000000000e-01    -1.400000000000e-01
 94   -1.400000000000e-01    -1.200000000000e-01
 95   -1.200000000000e-01    -1.000000000000e-01
 96   -1.000000000000e-01    -8.000000000000e-02
 97   -8.000000000000e-02    -6.000000000000e-02
 98   -6.000000000000e-02    -4.000000000000e-02
 99   -4.000000000000e-02    -2.000000000000e-02
 100   -2.000000000000e-02    -1.734723475977e-17
 101   0.000000000000e+00    2.000000000000e-02
 102   2.000000000000e-02    4.000000000000e-02
 103   4.000000000000e-02    6.000000000000e-02
 104   6.000000000000e-02    8.000000000000e-02
 105   8.000000000000e-02    1.000000000000e-01
 106   1.000000000000e-01    1.200000000000e-01
 107   1.200000000000e-01    1.400000000000e-01
 108   1.400000000000e-01    1.600000000000e-01
 109   1.600000000000e-01    1.800000000000e-01
 110   1.800000000000e-01    2.000000000000e-01
 111   2.000000000000e-01    2.200000000000e-01
 112   2.200000000000e-01    2.400000000000e-01
 113   2.400000000000e-01    2.600000000000e-01
 114   2.600000000000e-01    2.800000000000e-01
 115   2.800000000000e-01    3.000000000000e-01
 116   3.000000000000e-01    3.200000000000e-01
 117   3.200000000000e-01    3.400000000000e-01
 118   3.400000000000e-01    3.600000000000e-01
 119   3.600000000000e-01    3.800000000000e-01
 120   3.800000000000e-01    4.000000000000e-01
 121   4.000000000000e-01    4.200000000000e-01
 122   4.200000000000e-01    4.400000000000e-01
 123   4.400000000000e-01    4.600000000000e-01
 124   4.600000000000e-01    4.800000000000e-01
 125   4.800000000000e-01    5.000000000000e-01
 126   5.000000000000e-01    5.200000000000e-01
 127   5.200000000000e-01    5.400000000000e-01
 128   5.400000000000e-01    5.600000000000e-01
 129   5.600000000000e-01    5.800000000000e-01
 130   5.800000000000e-01    6.000000000000e-01
 131   6.000000000000e-01    6.200000000000e-01
 132   6.200000000000e-01    6.400000000000e-01
 133   6.400000000000e-01    6.600000000000e-01
 134   6.600000000000e-01    6.800000000000e-01
 135   6.800000000000e-01    7.000000000000e-01
 136   7.000000000000e-01    7.200000000000e-01
 137   7.200000000000e-01    7.400000000000e-01
 138   7.400000000000e-01    7.600000000000e-01
 139   7.600000000000e-01    7.800000000000e-01
 140   7.800000000000e-01    8.000000000000e-01
 141   8.000000000000e-01    8.200000000000e-01
 142   8.200000000000e-01    8.400000000000e-01
 143   8.400000000000e-01    8.600000000000e-01
 144   8.600000000000e-01    8.800000000000e-01
 145   8.800000000000e-01    9.000000000000e-01
 146   9.000000000000e-01    9.200000000000e-01
 147   9.200000000000e-01    9.400000000000e-01
 148   9.400000000000e-01    9.600000000000e-01
 149   9.600000000000e-01    9.800000000000e-01
 150   9.800000000000e-01    1.000000000000e+00
 151   1.000000000000e+00    1.020000000000e+00
 152   1.020000000000e+00    1.040000000000e+00
 153   1.040000000000e+00    1.060000000000e+00
 154   1.060000000000e+00    1.080000000000e+00
 155   1.080000000000e+00    1.100000000000e+00
 156   1.100000000000e+00    1.120000000000e+00
 157   1.120000000000e+00    1.140000000000e+00
 158   1.140000000000e+00    1.160000000000e+00
 159   1.160000000000e+00    1.180000000000e+00
 160   1.180000000000e+00    1.200000000000e+00
 161   1.200000000000e+00    1.220000000000e+00
 162   1.220000000000e+00    1.240000000000e+00
 163   1.240000000000e+00    1.260000000000e+00
 164   1.260000000000e+00    1.280000000000e+00
 165   1.280000000000e+00    1.300000000000e+00
 166   1.300000000000e+00    1.320000000000e+00
 167   1.320000000000e+00    1.340000000000e+00
 168   1.340000000000e+00    1.360000000000e+00
 169   1.360000000000e+00    1.380000000000e+00
 170   1.380000000000e+00    1.400000000000e+00
 171   1.400000000000e+00    1.420000000000e+00
 172   1.420000000000e+00    1.440000000000e+00
 173   1.440000000000e+00    1.460000000000e+00
 174   1.460000000000e+00    1.480000000000e+00
 175   1.480000000000e+00    1.500000000000e+00
 176   1.500000000000e+00    1.520000000000e+00
 177   1.520000000000e+00    1.540000000000e+00
 178   1.540000000000e+00    1.560000000000e+00
 179   1.560000000000e+00    1.580000000000e+00
 180   1.580000000000e+00    1.600000000000e+00
 181   1.600000000000e+00    1.620000000000e+00
 182   1.620000000000e+00    1.640000000000e+00
 183   1.640000000000e+00    1.660000000000e+00
 184   1.660000000000e+00    1.680000000000e+00
 185   1.680000000000e+00    1.700000000000e+00
 186   1.700000000000e+00    1.720000000000e+00
 187   1.720000000000e+00    1.740000000000e+00
 188   1.740000000000e+00    1.760000000000e+00
 189   1.760000000000e+00    1.780000000000e+00
 190   1.780000000000e+00    1.800000000000e+00
 191   1.800000000000e+00    1.820000000000e+00
 192   1.820000000000e+00    1.840000000000e+00
 193   1.840000000000e+00    1.860000000000e+00
 194   1.860000000000e+00    1.880000000000e+00
 195   1.880000000000e+00    1.900000000000e+00
 196   1.900000000000e+00    1.920000000000e+00
 197   1.920000000000e+00    1.940000000000e+00
 198   1.940000000000e+00    1.960000000000e+00
 199   1.960000000000e+00    1.980000000000e+00
 200   1.980000000000e+00    2.000000000000e+00
1 
 1   0.000000000000e+00    1.000000000000e+00
