# ******************************************************
# PLUTO 4.3 Grid File
# Generated on  Mon Apr 26 21:12:56 2021
# 
# DIMENSIONS: 2
# GEOMETRY:   CARTESIAN
# X1: [-2.000000,  2.000000], 50 point(s), 3 ghosts
# X2: [-2.000000,  2.000000], 50 point(s), 3 ghosts
# ******************************************************
50 
 1   -2.000000000000e+00    -1.920000000000e+00
 2   -1.920000000000e+00    -1.840000000000e+00
 3   -1.840000000000e+00    -1.760000000000e+00
 4   -1.760000000000e+00    -1.680000000000e+00
 5   -1.680000000000e+00    -1.600000000000e+00
 6   -1.600000000000e+00    -1.520000000000e+00
 7   -1.520000000000e+00    -1.440000000000e+00
 8   -1.440000000000e+00    -1.360000000000e+00
 9   -1.360000000000e+00    -1.280000000000e+00
 10   -1.280000000000e+00    -1.200000000000e+00
 11   -1.200000000000e+00    -1.120000000000e+00
 12   -1.120000000000e+00    -1.040000000000e+00
 13   -1.040000000000e+00    -9.600000000000e-01
 14   -9.600000000000e-01    -8.800000000000e-01
 15   -8.800000000000e-01    -8.000000000000e-01
 16   -8.000000000000e-01    -7.200000000000e-01
 17   -7.200000000000e-01    -6.400000000000e-01
 18   -6.400000000000e-01    -5.600000000000e-01
 19   -5.600000000000e-01    -4.800000000000e-01
 20   -4.800000000000e-01    -4.000000000000e-01
 21   -4.000000000000e-01    -3.200000000000e-01
 22   -3.200000000000e-01    -2.400000000000e-01
 23   -2.400000000000e-01    -1.600000000000e-01
 24   -1.600000000000e-01    -8.000000000000e-02
 25   -8.000000000000e-02    -6.938893903907e-17
 26   0.000000000000e+00    8.000000000000e-02
 27   8.000000000000e-02    1.600000000000e-01
 28   1.600000000000e-01    2.400000000000e-01
 29   2.400000000000e-01    3.200000000000e-01
 30   3.200000000000e-01    4.000000000000e-01
 31   4.000000000000e-01    4.800000000000e-01
 32   4.800000000000e-01    5.600000000000e-01
 33   5.600000000000e-01    6.400000000000e-01
 34   6.400000000000e-01    7.200000000000e-01
 35   7.200000000000e-01    8.000000000000e-01
 36   8.000000000000e-01    8.800000000000e-01
 37   8.800000000000e-01    9.600000000000e-01
 38   9.600000000000e-01    1.040000000000e+00
 39   1.040000000000e+00    1.120000000000e+00
 40   1.120000000000e+00    1.200000000000e+00
 41   1.200000000000e+00    1.280000000000e+00
 42   1.280000000000e+00    1.360000000000e+00
 43   1.360000000000e+00    1.440000000000e+00
 44   1.440000000000e+00    1.520000000000e+00
 45   1.520000000000e+00    1.600000000000e+00
 46   1.600000000000e+00    1.680000000000e+00
 47   1.680000000000e+00    1.760000000000e+00
 48   1.760000000000e+00    1.840000000000e+00
 49   1.840000000000e+00    1.920000000000e+00
 50   1.920000000000e+00    2.000000000000e+00
50 
 1   -2.000000000000e+00    -1.920000000000e+00
 2   -1.920000000000e+00    -1.840000000000e+00
 3   -1.840000000000e+00    -1.760000000000e+00
 4   -1.760000000000e+00    -1.680000000000e+00
 5   -1.680000000000e+00    -1.600000000000e+00
 6   -1.600000000000e+00    -1.520000000000e+00
 7   -1.520000000000e+00    -1.440000000000e+00
 8   -1.440000000000e+00    -1.360000000000e+00
 9   -1.360000000000e+00    -1.280000000000e+00
 10   -1.280000000000e+00    -1.200000000000e+00
 11   -1.200000000000e+00    -1.120000000000e+00
 12   -1.120000000000e+00    -1.040000000000e+00
 13   -1.040000000000e+00    -9.600000000000e-01
 14   -9.600000000000e-01    -8.800000000000e-01
 15   -8.800000000000e-01    -8.000000000000e-01
 16   -8.000000000000e-01    -7.200000000000e-01
 17   -7.200000000000e-01    -6.400000000000e-01
 18   -6.400000000000e-01    -5.600000000000e-01
 19   -5.600000000000e-01    -4.800000000000e-01
 20   -4.800000000000e-01    -4.000000000000e-01
 21   -4.000000000000e-01    -3.200000000000e-01
 22   -3.200000000000e-01    -2.400000000000e-01
 23   -2.400000000000e-01    -1.600000000000e-01
 24   -1.600000000000e-01    -8.000000000000e-02
 25   -8.000000000000e-02    -6.938893903907e-17
 26   0.000000000000e+00    8.000000000000e-02
 27   8.000000000000e-02    1.600000000000e-01
 28   1.600000000000e-01    2.400000000000e-01
 29   2.400000000000e-01    3.200000000000e-01
 30   3.200000000000e-01    4.000000000000e-01
 31   4.000000000000e-01    4.800000000000e-01
 32   4.800000000000e-01    5.600000000000e-01
 33   5.600000000000e-01    6.400000000000e-01
 34   6.400000000000e-01    7.200000000000e-01
 35   7.200000000000e-01    8.000000000000e-01
 36   8.000000000000e-01    8.800000000000e-01
 37   8.800000000000e-01    9.600000000000e-01
 38   9.600000000000e-01    1.040000000000e+00
 39   1.040000000000e+00    1.120000000000e+00
 40   1.120000000000e+00    1.200000000000e+00
 41   1.200000000000e+00    1.280000000000e+00
 42   1.280000000000e+00    1.360000000000e+00
 43   1.360000000000e+00    1.440000000000e+00
 44   1.440000000000e+00    1.520000000000e+00
 45   1.520000000000e+00    1.600000000000e+00
 46   1.600000000000e+00    1.680000000000e+00
 47   1.680000000000e+00    1.760000000000e+00
 48   1.760000000000e+00    1.840000000000e+00
 49   1.840000000000e+00    1.920000000000e+00
 50   1.920000000000e+00    2.000000000000e+00
1 
 1   0.000000000000e+00    1.000000000000e+00
