# ******************************************************
# PLUTO 4.3 Grid File
# Generated on  Wed Aug  3 06:13:04 2022
# 
# DIMENSIONS: 2
# GEOMETRY:   CARTESIAN
# X1: [-8.000000,  8.000000], 256 point(s), 3 ghosts
# X2: [-2.000000,  14.000000], 256 point(s), 3 ghosts
# ******************************************************
256 
 1   -8.000000000000e+00    -7.937500000000e+00
 2   -7.937500000000e+00    -7.875000000000e+00
 3   -7.875000000000e+00    -7.812500000000e+00
 4   -7.812500000000e+00    -7.750000000000e+00
 5   -7.750000000000e+00    -7.687500000000e+00
 6   -7.687500000000e+00    -7.625000000000e+00
 7   -7.625000000000e+00    -7.562500000000e+00
 8   -7.562500000000e+00    -7.500000000000e+00
 9   -7.500000000000e+00    -7.437500000000e+00
 10   -7.437500000000e+00    -7.375000000000e+00
 11   -7.375000000000e+00    -7.312500000000e+00
 12   -7.312500000000e+00    -7.250000000000e+00
 13   -7.250000000000e+00    -7.187500000000e+00
 14   -7.187500000000e+00    -7.125000000000e+00
 15   -7.125000000000e+00    -7.062500000000e+00
 16   -7.062500000000e+00    -7.000000000000e+00
 17   -7.000000000000e+00    -6.937500000000e+00
 18   -6.937500000000e+00    -6.875000000000e+00
 19   -6.875000000000e+00    -6.812500000000e+00
 20   -6.812500000000e+00    -6.750000000000e+00
 21   -6.750000000000e+00    -6.687500000000e+00
 22   -6.687500000000e+00    -6.625000000000e+00
 23   -6.625000000000e+00    -6.562500000000e+00
 24   -6.562500000000e+00    -6.500000000000e+00
 25   -6.500000000000e+00    -6.437500000000e+00
 26   -6.437500000000e+00    -6.375000000000e+00
 27   -6.375000000000e+00    -6.312500000000e+00
 28   -6.312500000000e+00    -6.250000000000e+00
 29   -6.250000000000e+00    -6.187500000000e+00
 30   -6.187500000000e+00    -6.125000000000e+00
 31   -6.125000000000e+00    -6.062500000000e+00
 32   -6.062500000000e+00    -6.000000000000e+00
 33   -6.000000000000e+00    -5.937500000000e+00
 34   -5.937500000000e+00    -5.875000000000e+00
 35   -5.875000000000e+00    -5.812500000000e+00
 36   -5.812500000000e+00    -5.750000000000e+00
 37   -5.750000000000e+00    -5.687500000000e+00
 38   -5.687500000000e+00    -5.625000000000e+00
 39   -5.625000000000e+00    -5.562500000000e+00
 40   -5.562500000000e+00    -5.500000000000e+00
 41   -5.500000000000e+00    -5.437500000000e+00
 42   -5.437500000000e+00    -5.375000000000e+00
 43   -5.375000000000e+00    -5.312500000000e+00
 44   -5.312500000000e+00    -5.250000000000e+00
 45   -5.250000000000e+00    -5.187500000000e+00
 46   -5.187500000000e+00    -5.125000000000e+00
 47   -5.125000000000e+00    -5.062500000000e+00
 48   -5.062500000000e+00    -5.000000000000e+00
 49   -5.000000000000e+00    -4.937500000000e+00
 50   -4.937500000000e+00    -4.875000000000e+00
 51   -4.875000000000e+00    -4.812500000000e+00
 52   -4.812500000000e+00    -4.750000000000e+00
 53   -4.750000000000e+00    -4.687500000000e+00
 54   -4.687500000000e+00    -4.625000000000e+00
 55   -4.625000000000e+00    -4.562500000000e+00
 56   -4.562500000000e+00    -4.500000000000e+00
 57   -4.500000000000e+00    -4.437500000000e+00
 58   -4.437500000000e+00    -4.375000000000e+00
 59   -4.375000000000e+00    -4.312500000000e+00
 60   -4.312500000000e+00    -4.250000000000e+00
 61   -4.250000000000e+00    -4.187500000000e+00
 62   -4.187500000000e+00    -4.125000000000e+00
 63   -4.125000000000e+00    -4.062500000000e+00
 64   -4.062500000000e+00    -4.000000000000e+00
 65   -4.000000000000e+00    -3.937500000000e+00
 66   -3.937500000000e+00    -3.875000000000e+00
 67   -3.875000000000e+00    -3.812500000000e+00
 68   -3.812500000000e+00    -3.750000000000e+00
 69   -3.750000000000e+00    -3.687500000000e+00
 70   -3.687500000000e+00    -3.625000000000e+00
 71   -3.625000000000e+00    -3.562500000000e+00
 72   -3.562500000000e+00    -3.500000000000e+00
 73   -3.500000000000e+00    -3.437500000000e+00
 74   -3.437500000000e+00    -3.375000000000e+00
 75   -3.375000000000e+00    -3.312500000000e+00
 76   -3.312500000000e+00    -3.250000000000e+00
 77   -3.250000000000e+00    -3.187500000000e+00
 78   -3.187500000000e+00    -3.125000000000e+00
 79   -3.125000000000e+00    -3.062500000000e+00
 80   -3.062500000000e+00    -3.000000000000e+00
 81   -3.000000000000e+00    -2.937500000000e+00
 82   -2.937500000000e+00    -2.875000000000e+00
 83   -2.875000000000e+00    -2.812500000000e+00
 84   -2.812500000000e+00    -2.750000000000e+00
 85   -2.750000000000e+00    -2.687500000000e+00
 86   -2.687500000000e+00    -2.625000000000e+00
 87   -2.625000000000e+00    -2.562500000000e+00
 88   -2.562500000000e+00    -2.500000000000e+00
 89   -2.500000000000e+00    -2.437500000000e+00
 90   -2.437500000000e+00    -2.375000000000e+00
 91   -2.375000000000e+00    -2.312500000000e+00
 92   -2.312500000000e+00    -2.250000000000e+00
 93   -2.250000000000e+00    -2.187500000000e+00
 94   -2.187500000000e+00    -2.125000000000e+00
 95   -2.125000000000e+00    -2.062500000000e+00
 96   -2.062500000000e+00    -2.000000000000e+00
 97   -2.000000000000e+00    -1.937500000000e+00
 98   -1.937500000000e+00    -1.875000000000e+00
 99   -1.875000000000e+00    -1.812500000000e+00
 100   -1.812500000000e+00    -1.750000000000e+00
 101   -1.750000000000e+00    -1.687500000000e+00
 102   -1.687500000000e+00    -1.625000000000e+00
 103   -1.625000000000e+00    -1.562500000000e+00
 104   -1.562500000000e+00    -1.500000000000e+00
 105   -1.500000000000e+00    -1.437500000000e+00
 106   -1.437500000000e+00    -1.375000000000e+00
 107   -1.375000000000e+00    -1.312500000000e+00
 108   -1.312500000000e+00    -1.250000000000e+00
 109   -1.250000000000e+00    -1.187500000000e+00
 110   -1.187500000000e+00    -1.125000000000e+00
 111   -1.125000000000e+00    -1.062500000000e+00
 112   -1.062500000000e+00    -1.000000000000e+00
 113   -1.000000000000e+00    -9.375000000000e-01
 114   -9.375000000000e-01    -8.750000000000e-01
 115   -8.750000000000e-01    -8.125000000000e-01
 116   -8.125000000000e-01    -7.500000000000e-01
 117   -7.500000000000e-01    -6.875000000000e-01
 118   -6.875000000000e-01    -6.250000000000e-01
 119   -6.250000000000e-01    -5.625000000000e-01
 120   -5.625000000000e-01    -5.000000000000e-01
 121   -5.000000000000e-01    -4.375000000000e-01
 122   -4.375000000000e-01    -3.750000000000e-01
 123   -3.750000000000e-01    -3.125000000000e-01
 124   -3.125000000000e-01    -2.500000000000e-01
 125   -2.500000000000e-01    -1.875000000000e-01
 126   -1.875000000000e-01    -1.250000000000e-01
 127   -1.250000000000e-01    -6.250000000000e-02
 128   -6.250000000000e-02    0.000000000000e+00
 129   0.000000000000e+00    6.250000000000e-02
 130   6.250000000000e-02    1.250000000000e-01
 131   1.250000000000e-01    1.875000000000e-01
 132   1.875000000000e-01    2.500000000000e-01
 133   2.500000000000e-01    3.125000000000e-01
 134   3.125000000000e-01    3.750000000000e-01
 135   3.750000000000e-01    4.375000000000e-01
 136   4.375000000000e-01    5.000000000000e-01
 137   5.000000000000e-01    5.625000000000e-01
 138   5.625000000000e-01    6.250000000000e-01
 139   6.250000000000e-01    6.875000000000e-01
 140   6.875000000000e-01    7.500000000000e-01
 141   7.500000000000e-01    8.125000000000e-01
 142   8.125000000000e-01    8.750000000000e-01
 143   8.750000000000e-01    9.375000000000e-01
 144   9.375000000000e-01    1.000000000000e+00
 145   1.000000000000e+00    1.062500000000e+00
 146   1.062500000000e+00    1.125000000000e+00
 147   1.125000000000e+00    1.187500000000e+00
 148   1.187500000000e+00    1.250000000000e+00
 149   1.250000000000e+00    1.312500000000e+00
 150   1.312500000000e+00    1.375000000000e+00
 151   1.375000000000e+00    1.437500000000e+00
 152   1.437500000000e+00    1.500000000000e+00
 153   1.500000000000e+00    1.562500000000e+00
 154   1.562500000000e+00    1.625000000000e+00
 155   1.625000000000e+00    1.687500000000e+00
 156   1.687500000000e+00    1.750000000000e+00
 157   1.750000000000e+00    1.812500000000e+00
 158   1.812500000000e+00    1.875000000000e+00
 159   1.875000000000e+00    1.937500000000e+00
 160   1.937500000000e+00    2.000000000000e+00
 161   2.000000000000e+00    2.062500000000e+00
 162   2.062500000000e+00    2.125000000000e+00
 163   2.125000000000e+00    2.187500000000e+00
 164   2.187500000000e+00    2.250000000000e+00
 165   2.250000000000e+00    2.312500000000e+00
 166   2.312500000000e+00    2.375000000000e+00
 167   2.375000000000e+00    2.437500000000e+00
 168   2.437500000000e+00    2.500000000000e+00
 169   2.500000000000e+00    2.562500000000e+00
 170   2.562500000000e+00    2.625000000000e+00
 171   2.625000000000e+00    2.687500000000e+00
 172   2.687500000000e+00    2.750000000000e+00
 173   2.750000000000e+00    2.812500000000e+00
 174   2.812500000000e+00    2.875000000000e+00
 175   2.875000000000e+00    2.937500000000e+00
 176   2.937500000000e+00    3.000000000000e+00
 177   3.000000000000e+00    3.062500000000e+00
 178   3.062500000000e+00    3.125000000000e+00
 179   3.125000000000e+00    3.187500000000e+00
 180   3.187500000000e+00    3.250000000000e+00
 181   3.250000000000e+00    3.312500000000e+00
 182   3.312500000000e+00    3.375000000000e+00
 183   3.375000000000e+00    3.437500000000e+00
 184   3.437500000000e+00    3.500000000000e+00
 185   3.500000000000e+00    3.562500000000e+00
 186   3.562500000000e+00    3.625000000000e+00
 187   3.625000000000e+00    3.687500000000e+00
 188   3.687500000000e+00    3.750000000000e+00
 189   3.750000000000e+00    3.812500000000e+00
 190   3.812500000000e+00    3.875000000000e+00
 191   3.875000000000e+00    3.937500000000e+00
 192   3.937500000000e+00    4.000000000000e+00
 193   4.000000000000e+00    4.062500000000e+00
 194   4.062500000000e+00    4.125000000000e+00
 195   4.125000000000e+00    4.187500000000e+00
 196   4.187500000000e+00    4.250000000000e+00
 197   4.250000000000e+00    4.312500000000e+00
 198   4.312500000000e+00    4.375000000000e+00
 199   4.375000000000e+00    4.437500000000e+00
 200   4.437500000000e+00    4.500000000000e+00
 201   4.500000000000e+00    4.562500000000e+00
 202   4.562500000000e+00    4.625000000000e+00
 203   4.625000000000e+00    4.687500000000e+00
 204   4.687500000000e+00    4.750000000000e+00
 205   4.750000000000e+00    4.812500000000e+00
 206   4.812500000000e+00    4.875000000000e+00
 207   4.875000000000e+00    4.937500000000e+00
 208   4.937500000000e+00    5.000000000000e+00
 209   5.000000000000e+00    5.062500000000e+00
 210   5.062500000000e+00    5.125000000000e+00
 211   5.125000000000e+00    5.187500000000e+00
 212   5.187500000000e+00    5.250000000000e+00
 213   5.250000000000e+00    5.312500000000e+00
 214   5.312500000000e+00    5.375000000000e+00
 215   5.375000000000e+00    5.437500000000e+00
 216   5.437500000000e+00    5.500000000000e+00
 217   5.500000000000e+00    5.562500000000e+00
 218   5.562500000000e+00    5.625000000000e+00
 219   5.625000000000e+00    5.687500000000e+00
 220   5.687500000000e+00    5.750000000000e+00
 221   5.750000000000e+00    5.812500000000e+00
 222   5.812500000000e+00    5.875000000000e+00
 223   5.875000000000e+00    5.937500000000e+00
 224   5.937500000000e+00    6.000000000000e+00
 225   6.000000000000e+00    6.062500000000e+00
 226   6.062500000000e+00    6.125000000000e+00
 227   6.125000000000e+00    6.187500000000e+00
 228   6.187500000000e+00    6.250000000000e+00
 229   6.250000000000e+00    6.312500000000e+00
 230   6.312500000000e+00    6.375000000000e+00
 231   6.375000000000e+00    6.437500000000e+00
 232   6.437500000000e+00    6.500000000000e+00
 233   6.500000000000e+00    6.562500000000e+00
 234   6.562500000000e+00    6.625000000000e+00
 235   6.625000000000e+00    6.687500000000e+00
 236   6.687500000000e+00    6.750000000000e+00
 237   6.750000000000e+00    6.812500000000e+00
 238   6.812500000000e+00    6.875000000000e+00
 239   6.875000000000e+00    6.937500000000e+00
 240   6.937500000000e+00    7.000000000000e+00
 241   7.000000000000e+00    7.062500000000e+00
 242   7.062500000000e+00    7.125000000000e+00
 243   7.125000000000e+00    7.187500000000e+00
 244   7.187500000000e+00    7.250000000000e+00
 245   7.250000000000e+00    7.312500000000e+00
 246   7.312500000000e+00    7.375000000000e+00
 247   7.375000000000e+00    7.437500000000e+00
 248   7.437500000000e+00    7.500000000000e+00
 249   7.500000000000e+00    7.562500000000e+00
 250   7.562500000000e+00    7.625000000000e+00
 251   7.625000000000e+00    7.687500000000e+00
 252   7.687500000000e+00    7.750000000000e+00
 253   7.750000000000e+00    7.812500000000e+00
 254   7.812500000000e+00    7.875000000000e+00
 255   7.875000000000e+00    7.937500000000e+00
 256   7.937500000000e+00    8.000000000000e+00
256 
 1   -2.000000000000e+00    -1.937500000000e+00
 2   -1.937500000000e+00    -1.875000000000e+00
 3   -1.875000000000e+00    -1.812500000000e+00
 4   -1.812500000000e+00    -1.750000000000e+00
 5   -1.750000000000e+00    -1.687500000000e+00
 6   -1.687500000000e+00    -1.625000000000e+00
 7   -1.625000000000e+00    -1.562500000000e+00
 8   -1.562500000000e+00    -1.500000000000e+00
 9   -1.500000000000e+00    -1.437500000000e+00
 10   -1.437500000000e+00    -1.375000000000e+00
 11   -1.375000000000e+00    -1.312500000000e+00
 12   -1.312500000000e+00    -1.250000000000e+00
 13   -1.250000000000e+00    -1.187500000000e+00
 14   -1.187500000000e+00    -1.125000000000e+00
 15   -1.125000000000e+00    -1.062500000000e+00
 16   -1.062500000000e+00    -1.000000000000e+00
 17   -1.000000000000e+00    -9.375000000000e-01
 18   -9.375000000000e-01    -8.750000000000e-01
 19   -8.750000000000e-01    -8.125000000000e-01
 20   -8.125000000000e-01    -7.500000000000e-01
 21   -7.500000000000e-01    -6.875000000000e-01
 22   -6.875000000000e-01    -6.250000000000e-01
 23   -6.250000000000e-01    -5.625000000000e-01
 24   -5.625000000000e-01    -5.000000000000e-01
 25   -5.000000000000e-01    -4.375000000000e-01
 26   -4.375000000000e-01    -3.750000000000e-01
 27   -3.750000000000e-01    -3.125000000000e-01
 28   -3.125000000000e-01    -2.500000000000e-01
 29   -2.500000000000e-01    -1.875000000000e-01
 30   -1.875000000000e-01    -1.250000000000e-01
 31   -1.250000000000e-01    -6.250000000000e-02
 32   -6.250000000000e-02    0.000000000000e+00
 33   0.000000000000e+00    6.250000000000e-02
 34   6.250000000000e-02    1.250000000000e-01
 35   1.250000000000e-01    1.875000000000e-01
 36   1.875000000000e-01    2.500000000000e-01
 37   2.500000000000e-01    3.125000000000e-01
 38   3.125000000000e-01    3.750000000000e-01
 39   3.750000000000e-01    4.375000000000e-01
 40   4.375000000000e-01    5.000000000000e-01
 41   5.000000000000e-01    5.625000000000e-01
 42   5.625000000000e-01    6.250000000000e-01
 43   6.250000000000e-01    6.875000000000e-01
 44   6.875000000000e-01    7.500000000000e-01
 45   7.500000000000e-01    8.125000000000e-01
 46   8.125000000000e-01    8.750000000000e-01
 47   8.750000000000e-01    9.375000000000e-01
 48   9.375000000000e-01    1.000000000000e+00
 49   1.000000000000e+00    1.062500000000e+00
 50   1.062500000000e+00    1.125000000000e+00
 51   1.125000000000e+00    1.187500000000e+00
 52   1.187500000000e+00    1.250000000000e+00
 53   1.250000000000e+00    1.312500000000e+00
 54   1.312500000000e+00    1.375000000000e+00
 55   1.375000000000e+00    1.437500000000e+00
 56   1.437500000000e+00    1.500000000000e+00
 57   1.500000000000e+00    1.562500000000e+00
 58   1.562500000000e+00    1.625000000000e+00
 59   1.625000000000e+00    1.687500000000e+00
 60   1.687500000000e+00    1.750000000000e+00
 61   1.750000000000e+00    1.812500000000e+00
 62   1.812500000000e+00    1.875000000000e+00
 63   1.875000000000e+00    1.937500000000e+00
 64   1.937500000000e+00    2.000000000000e+00
 65   2.000000000000e+00    2.062500000000e+00
 66   2.062500000000e+00    2.125000000000e+00
 67   2.125000000000e+00    2.187500000000e+00
 68   2.187500000000e+00    2.250000000000e+00
 69   2.250000000000e+00    2.312500000000e+00
 70   2.312500000000e+00    2.375000000000e+00
 71   2.375000000000e+00    2.437500000000e+00
 72   2.437500000000e+00    2.500000000000e+00
 73   2.500000000000e+00    2.562500000000e+00
 74   2.562500000000e+00    2.625000000000e+00
 75   2.625000000000e+00    2.687500000000e+00
 76   2.687500000000e+00    2.750000000000e+00
 77   2.750000000000e+00    2.812500000000e+00
 78   2.812500000000e+00    2.875000000000e+00
 79   2.875000000000e+00    2.937500000000e+00
 80   2.937500000000e+00    3.000000000000e+00
 81   3.000000000000e+00    3.062500000000e+00
 82   3.062500000000e+00    3.125000000000e+00
 83   3.125000000000e+00    3.187500000000e+00
 84   3.187500000000e+00    3.250000000000e+00
 85   3.250000000000e+00    3.312500000000e+00
 86   3.312500000000e+00    3.375000000000e+00
 87   3.375000000000e+00    3.437500000000e+00
 88   3.437500000000e+00    3.500000000000e+00
 89   3.500000000000e+00    3.562500000000e+00
 90   3.562500000000e+00    3.625000000000e+00
 91   3.625000000000e+00    3.687500000000e+00
 92   3.687500000000e+00    3.750000000000e+00
 93   3.750000000000e+00    3.812500000000e+00
 94   3.812500000000e+00    3.875000000000e+00
 95   3.875000000000e+00    3.937500000000e+00
 96   3.937500000000e+00    4.000000000000e+00
 97   4.000000000000e+00    4.062500000000e+00
 98   4.062500000000e+00    4.125000000000e+00
 99   4.125000000000e+00    4.187500000000e+00
 100   4.187500000000e+00    4.250000000000e+00
 101   4.250000000000e+00    4.312500000000e+00
 102   4.312500000000e+00    4.375000000000e+00
 103   4.375000000000e+00    4.437500000000e+00
 104   4.437500000000e+00    4.500000000000e+00
 105   4.500000000000e+00    4.562500000000e+00
 106   4.562500000000e+00    4.625000000000e+00
 107   4.625000000000e+00    4.687500000000e+00
 108   4.687500000000e+00    4.750000000000e+00
 109   4.750000000000e+00    4.812500000000e+00
 110   4.812500000000e+00    4.875000000000e+00
 111   4.875000000000e+00    4.937500000000e+00
 112   4.937500000000e+00    5.000000000000e+00
 113   5.000000000000e+00    5.062500000000e+00
 114   5.062500000000e+00    5.125000000000e+00
 115   5.125000000000e+00    5.187500000000e+00
 116   5.187500000000e+00    5.250000000000e+00
 117   5.250000000000e+00    5.312500000000e+00
 118   5.312500000000e+00    5.375000000000e+00
 119   5.375000000000e+00    5.437500000000e+00
 120   5.437500000000e+00    5.500000000000e+00
 121   5.500000000000e+00    5.562500000000e+00
 122   5.562500000000e+00    5.625000000000e+00
 123   5.625000000000e+00    5.687500000000e+00
 124   5.687500000000e+00    5.750000000000e+00
 125   5.750000000000e+00    5.812500000000e+00
 126   5.812500000000e+00    5.875000000000e+00
 127   5.875000000000e+00    5.937500000000e+00
 128   5.937500000000e+00    6.000000000000e+00
 129   6.000000000000e+00    6.062500000000e+00
 130   6.062500000000e+00    6.125000000000e+00
 131   6.125000000000e+00    6.187500000000e+00
 132   6.187500000000e+00    6.250000000000e+00
 133   6.250000000000e+00    6.312500000000e+00
 134   6.312500000000e+00    6.375000000000e+00
 135   6.375000000000e+00    6.437500000000e+00
 136   6.437500000000e+00    6.500000000000e+00
 137   6.500000000000e+00    6.562500000000e+00
 138   6.562500000000e+00    6.625000000000e+00
 139   6.625000000000e+00    6.687500000000e+00
 140   6.687500000000e+00    6.750000000000e+00
 141   6.750000000000e+00    6.812500000000e+00
 142   6.812500000000e+00    6.875000000000e+00
 143   6.875000000000e+00    6.937500000000e+00
 144   6.937500000000e+00    7.000000000000e+00
 145   7.000000000000e+00    7.062500000000e+00
 146   7.062500000000e+00    7.125000000000e+00
 147   7.125000000000e+00    7.187500000000e+00
 148   7.187500000000e+00    7.250000000000e+00
 149   7.250000000000e+00    7.312500000000e+00
 150   7.312500000000e+00    7.375000000000e+00
 151   7.375000000000e+00    7.437500000000e+00
 152   7.437500000000e+00    7.500000000000e+00
 153   7.500000000000e+00    7.562500000000e+00
 154   7.562500000000e+00    7.625000000000e+00
 155   7.625000000000e+00    7.687500000000e+00
 156   7.687500000000e+00    7.750000000000e+00
 157   7.750000000000e+00    7.812500000000e+00
 158   7.812500000000e+00    7.875000000000e+00
 159   7.875000000000e+00    7.937500000000e+00
 160   7.937500000000e+00    8.000000000000e+00
 161   8.000000000000e+00    8.062500000000e+00
 162   8.062500000000e+00    8.125000000000e+00
 163   8.125000000000e+00    8.187500000000e+00
 164   8.187500000000e+00    8.250000000000e+00
 165   8.250000000000e+00    8.312500000000e+00
 166   8.312500000000e+00    8.375000000000e+00
 167   8.375000000000e+00    8.437500000000e+00
 168   8.437500000000e+00    8.500000000000e+00
 169   8.500000000000e+00    8.562500000000e+00
 170   8.562500000000e+00    8.625000000000e+00
 171   8.625000000000e+00    8.687500000000e+00
 172   8.687500000000e+00    8.750000000000e+00
 173   8.750000000000e+00    8.812500000000e+00
 174   8.812500000000e+00    8.875000000000e+00
 175   8.875000000000e+00    8.937500000000e+00
 176   8.937500000000e+00    9.000000000000e+00
 177   9.000000000000e+00    9.062500000000e+00
 178   9.062500000000e+00    9.125000000000e+00
 179   9.125000000000e+00    9.187500000000e+00
 180   9.187500000000e+00    9.250000000000e+00
 181   9.250000000000e+00    9.312500000000e+00
 182   9.312500000000e+00    9.375000000000e+00
 183   9.375000000000e+00    9.437500000000e+00
 184   9.437500000000e+00    9.500000000000e+00
 185   9.500000000000e+00    9.562500000000e+00
 186   9.562500000000e+00    9.625000000000e+00
 187   9.625000000000e+00    9.687500000000e+00
 188   9.687500000000e+00    9.750000000000e+00
 189   9.750000000000e+00    9.812500000000e+00
 190   9.812500000000e+00    9.875000000000e+00
 191   9.875000000000e+00    9.937500000000e+00
 192   9.937500000000e+00    1.000000000000e+01
 193   1.000000000000e+01    1.006250000000e+01
 194   1.006250000000e+01    1.012500000000e+01
 195   1.012500000000e+01    1.018750000000e+01
 196   1.018750000000e+01    1.025000000000e+01
 197   1.025000000000e+01    1.031250000000e+01
 198   1.031250000000e+01    1.037500000000e+01
 199   1.037500000000e+01    1.043750000000e+01
 200   1.043750000000e+01    1.050000000000e+01
 201   1.050000000000e+01    1.056250000000e+01
 202   1.056250000000e+01    1.062500000000e+01
 203   1.062500000000e+01    1.068750000000e+01
 204   1.068750000000e+01    1.075000000000e+01
 205   1.075000000000e+01    1.081250000000e+01
 206   1.081250000000e+01    1.087500000000e+01
 207   1.087500000000e+01    1.093750000000e+01
 208   1.093750000000e+01    1.100000000000e+01
 209   1.100000000000e+01    1.106250000000e+01
 210   1.106250000000e+01    1.112500000000e+01
 211   1.112500000000e+01    1.118750000000e+01
 212   1.118750000000e+01    1.125000000000e+01
 213   1.125000000000e+01    1.131250000000e+01
 214   1.131250000000e+01    1.137500000000e+01
 215   1.137500000000e+01    1.143750000000e+01
 216   1.143750000000e+01    1.150000000000e+01
 217   1.150000000000e+01    1.156250000000e+01
 218   1.156250000000e+01    1.162500000000e+01
 219   1.162500000000e+01    1.168750000000e+01
 220   1.168750000000e+01    1.175000000000e+01
 221   1.175000000000e+01    1.181250000000e+01
 222   1.181250000000e+01    1.187500000000e+01
 223   1.187500000000e+01    1.193750000000e+01
 224   1.193750000000e+01    1.200000000000e+01
 225   1.200000000000e+01    1.206250000000e+01
 226   1.206250000000e+01    1.212500000000e+01
 227   1.212500000000e+01    1.218750000000e+01
 228   1.218750000000e+01    1.225000000000e+01
 229   1.225000000000e+01    1.231250000000e+01
 230   1.231250000000e+01    1.237500000000e+01
 231   1.237500000000e+01    1.243750000000e+01
 232   1.243750000000e+01    1.250000000000e+01
 233   1.250000000000e+01    1.256250000000e+01
 234   1.256250000000e+01    1.262500000000e+01
 235   1.262500000000e+01    1.268750000000e+01
 236   1.268750000000e+01    1.275000000000e+01
 237   1.275000000000e+01    1.281250000000e+01
 238   1.281250000000e+01    1.287500000000e+01
 239   1.287500000000e+01    1.293750000000e+01
 240   1.293750000000e+01    1.300000000000e+01
 241   1.300000000000e+01    1.306250000000e+01
 242   1.306250000000e+01    1.312500000000e+01
 243   1.312500000000e+01    1.318750000000e+01
 244   1.318750000000e+01    1.325000000000e+01
 245   1.325000000000e+01    1.331250000000e+01
 246   1.331250000000e+01    1.337500000000e+01
 247   1.337500000000e+01    1.343750000000e+01
 248   1.343750000000e+01    1.350000000000e+01
 249   1.350000000000e+01    1.356250000000e+01
 250   1.356250000000e+01    1.362500000000e+01
 251   1.362500000000e+01    1.368750000000e+01
 252   1.368750000000e+01    1.375000000000e+01
 253   1.375000000000e+01    1.381250000000e+01
 254   1.381250000000e+01    1.387500000000e+01
 255   1.387500000000e+01    1.393750000000e+01
 256   1.393750000000e+01    1.400000000000e+01
1 
 1   0.000000000000e+00    1.000000000000e+00
